[2025-07-26 00:27:07]yoon uploaded eg.py
[2025-07-26 00:28:32]yoon uploaded new.txt
[2025-07-26 00:28:56]yoon downloaded new.txt
[2025-07-26 00:29:28]New user Registeredmary
[2025-07-26 00:29:46]mary listed files
[2025-07-26 00:33:31]yoon listed files
[2025-07-26 00:33:54]mary listed files
[2025-07-26 00:35:49]New user Registeredmary
[2025-07-26 00:35:59]mary listed files
[2025-07-26 00:36:28]New user Registeredjames
[2025-07-26 00:36:43]james listed files
[2025-07-26 00:39:39]mary uploaded 9V_battery.jpg
[2025-07-26 00:39:56]mary downloaded 9V_battery.jpg
[2025-07-26 10:03:18]yoon listed files
[2025-07-26 10:03:30]yoon uploaded reorder.txt
[2025-07-26 10:03:33]yoon listed files
[2025-07-26 10:03:43]yoon downloaded reorder.txt
[2025-07-26 10:04:25]yoon listed files
[2025-07-26 10:41:24]mary listed files
[2025-07-26 10:41:37]mary uploaded lll.txt
[2025-07-26 10:41:41]mary listed files
[2025-07-26 10:41:47]mary downloaded lll.txt
[2025-07-26 10:47:54]New user Registeredsue
[2025-07-26 10:48:07]sue uploaded mysql.txt
[2025-07-26 10:48:09]sue listed files
[2025-07-26 10:48:46]sue listed files
[2025-07-26 10:48:52]sue downloaded mysql.txt
